<?xml version="1.0" encoding="UTF-8"?>
<testng-results ignored="0" total="1" passed="1" failed="0" skipped="0">
  <reporter-output>
  </reporter-output>
  <suite started-at="2024-02-12T15:26:15 IST" name="Default suite" finished-at="2024-02-12T15:26:43 IST" duration-ms="27821">
    <groups>
    </groups>
    <test started-at="2024-02-12T15:26:15 IST" name="Default test" finished-at="2024-02-12T15:26:43 IST" duration-ms="27821">
      <class name="testScript.Sample_4Test">
        <test-method signature="testCase()[pri:0, instance:testScript.Sample_4Test@4145bad8]" started-at="2024-02-12T15:26:15 IST" name="testCase" finished-at="2024-02-12T15:26:43 IST" duration-ms="27776" status="PASS">
          <reporter-output>
          </reporter-output>
        </test-method> <!-- testCase -->
      </class> <!-- testScript.Sample_4Test -->
    </test> <!-- Default test -->
  </suite> <!-- Default suite -->
</testng-results>
